2024/10/07 17:02:54 [MOD00][EX00]: OK
2024/10/07 17:02:55 [MOD00][EX01]: compilation error: stderr:     Checking ex01 v0.1.0 (/app/ldulling-00/ex01)
error: variable does not need to be mutable
 --> src/lib.rs:9:9
  |
9 |     let mut a: i32;
  |         ----^
  |         |
  |         help: remove this `mut`
  |
  = note: `-D unused-mut` implied by `-D warnings`
  = help: to override `-D warnings` add `#[allow(unused_mut)]`
error: could not compile `ex01` (lib) due to 1 previous error
stdout: 
2024/10/07 17:02:57 [MOD00][EX02]: OK
2024/10/07 17:02:55 [MOD00][EX03]: OK
2024/10/07 17:02:55 [MOD00][EX04]: OK
2024/10/07 17:02:53 [MOD00][EX05]: stat ldulling-00/ex05: no such file or directory
2024/10/07 17:02:54 [MOD00][EX06]: stat ldulling-00/ex06: no such file or directory
2024/10/07 17:02:54 [MOD00][EX07]: stat ldulling-00/ex07: no such file or directory
