2024/10/12 05:54:50 [MOD03][EX00]: 
invalid output: expected:
got:
2024/10/12 05:53:23 [MOD03][EX01]: 
invalid output: expected:
got:
2024/10/12 05:53:53 [MOD03][EX02]: invalid files found in ex02/:
'src/main.rs'
not in allowed turn in files
2024/10/12 05:54:42 [MOD03][EX03]: invalid files found in ex03/:
'ex03/src/main.rs'
not in allowed turn in files
2024/10/12 05:53:35 [MOD03][EX04]: invalid files found in ex04/:
'src/main.rs'
not in allowed turn in files
2024/10/12 05:54:04 [MOD03][EX05]: 
invalid output: expected:
got:
2024/10/12 05:54:02 [MOD03][EX06]: 
invalid output: expected:
got:
2024/10/12 05:54:35 [MOD03][EX07]: stat ldulling-03/ex07: no such file or directory
